<?xml version="1.0" encoding="UTF-8"?>
<!-- Generated by org.testng.reporters.JUnitReportReporter -->
<testsuite hostname="Sony-VAIO" failures="0" tests="1" name="login.LoginTest" time="2.560" errors="0" timestamp="2021-07-29T10:39:10 IST" skipped="0">
  <testcase classname="login.LoginTest" name="testSuccessfullLogin" time="2.560"/>
  <system-out/>
</testsuite> <!-- login.LoginTest -->
